<?xml version="1.0" encoding="UTF-8"?>
<!-- Generated by org.testng.reporters.JUnitReportReporter -->
<testsuite hostname="DESKTOP-QIGCGPN" failures="0" tests="2" name="Tests.TagsSuite" time="17.461" errors="0" timestamp="2021-08-02T12:19:36 EEST" skipped="0">
  <testcase classname="Tests.TagsSuite" name="checkTagFilteringArticlesList" time="9.456"/>
  <system-out/>
  <testcase classname="Tests.TagsSuite" name="checkTagFilteringArticlePage" time="8.005"/>
  <system-out/>
</testsuite> <!-- Tests.TagsSuite -->
